C51 COMPILER V9.59.0.0   MAZESOLVER                                                        09/12/2018 07:06:37 PAGE 1   


C51 COMPILER V9.59.0.0, COMPILATION OF MODULE MAZESOLVER
OBJECT MODULE PLACED IN .\Objects\mazesolver.obj
COMPILER INVOKED BY: C:\Keil_v5\C51\BIN\C51.EXE mazesolver.c OPTIMIZE(8,SPEED) BROWSE DEBUG OBJECTEXTEND PRINT(.\Listing
                    -s\mazesolver.lst) TABS(2) OBJECT(.\Objects\mazesolver.obj)

line level    source

   1          #inlcude<reg52.h>
*** WARNING C315 IN LINE 1 OF mazesolver.c: unknown #directive 'inlcude'
   2          #include<stdio.h>
   3          #define PORT P2 0xff
   4          #define st 0x0a;
   5          #define lt 0x06;
   6          #define rt 0x09;
   7          #define stop 0x00;
   8          unsigned int a,i,j;
   9          void delay(unsigned int t)
  10          {
  11   1      for(i=0;i<t;i++)
  12   1      for(j=0;j<1275;j++);
  13   1      
  14   1      }
  15          void main()
  16          {
  17   1      while(1)
  18   1      {
  19   2      a=P&0x07;
*** ERROR C202 IN LINE 19 OF mazesolver.c: 'P': undefined identifier
  20   2      if(a==0x03)
  21   2      {
  22   3        delay(20);
  23   3        P2=lt;
*** ERROR C202 IN LINE 23 OF mazesolver.c: 'P2': undefined identifier
  24   3      }
  25   2      else if((a==0x05)||(a==0x01))
  26   2      {
  27   3        P2=st;
*** ERROR C202 IN LINE 27 OF mazesolver.c: 'P2': undefined identifier
  28   3      }
  29   2      else if ((a==0x02)||(a==0x06)||(a==0x04)||(a==0x07))
  30   2      {
  31   3        P2=rt;
*** ERROR C202 IN LINE 31 OF mazesolver.c: 'P2': undefined identifier
  32   3        delay(10);
  33   3      }
  34   2      else
  35   2      {
  36   3        delay(30);
  37   3        P2=stop;
*** ERROR C202 IN LINE 37 OF mazesolver.c: 'P2': undefined identifier
  38   3      }
  39   2      }
  40   1      }

C51 COMPILATION COMPLETE.  1 WARNING(S),  5 ERROR(S)
