C51 COMPILER V9.59.0.0   PROGRAM2                                                          08/11/2018 22:58:48 PAGE 1   


C51 COMPILER V9.59.0.0, COMPILATION OF MODULE PROGRAM2
OBJECT MODULE PLACED IN .\Objects\program2.obj
COMPILER INVOKED BY: C:\Keil_v5\C51\BIN\C51.EXE program2.c OMF2 OPTIMIZE(8,SPEED) BROWSE DEBUG PRINT(.\Listings\program2
                    -.lst) TABS(2) OBJECT(.\Objects\program2.obj)

line level    source

   1          #include<stdio.h>
   2          #include<reg52.h>
   3          #define rt 0x09;
   4          #define lt 0x06;
   5          #define st 0x0a;
   6          #define stop 0x00;
   7          #define rev 0x05;
   8          unsigned int a;
   9          void main()
  10          { 
  11   1        while(1)
  12   1        {
  13   2          a=P1 & 0x0f;
  14   2        if(a==0x0d)
  15   2        {
  16   3          P2=st;
  17   3          }
  18   2          if(a==0x07)
  19   2          {
  20   3            P2=lt;
  21   3          }
  22   2          if(a==0x04)
  23   2          {
  24   3          P2=rt;
  25   3          }
  26   2           if(a==0x01)
  27   2           {
  28   3            P2=rev;
  29   3            }
  30   2            if(a==0x05)
  31   2            {
  32   3            P2=stop;
  33   3            }
  34   2            }
  35   1            }


MODULE INFORMATION:   STATIC OVERLAYABLE
   CODE SIZE        =     63    ----
   CONSTANT SIZE    =   ----    ----
   XDATA SIZE       =   ----    ----
   PDATA SIZE       =   ----    ----
   DATA SIZE        =      2    ----
   IDATA SIZE       =   ----    ----
   BIT SIZE         =   ----    ----
   EDATA SIZE       =   ----    ----
   HDATA SIZE       =   ----    ----
   XDATA CONST SIZE =   ----    ----
   FAR CONST SIZE   =   ----    ----
END OF MODULE INFORMATION.


C51 COMPILATION COMPLETE.  0 WARNING(S),  0 ERROR(S)
